[16-Jun-2016 02:37:49 Europe/Moscow] An Error occurred while handling another error:
exception 'yii\base\InvalidRouteException' with message 'Unable to resolve the request: site/error' in /home/i/imagec1s/imagecorp.ru/vendor/yiisoft/yii2/base/Controller.php:125
Stack trace:
#0 /home/i/imagec1s/imagecorp.ru/vendor/yiisoft/yii2/base/Module.php(454): yii\base\Controller->runAction('error', Array)
#1 /home/i/imagec1s/imagecorp.ru/vendor/yiisoft/yii2/web/ErrorHandler.php(93): yii\base\Module->runAction('site/error')
#2 /home/i/imagec1s/imagecorp.ru/vendor/yiisoft/yii2/base/ErrorHandler.php(109): yii\web\ErrorHandler->renderException(Object(yii\web\NotFoundHttpException))
#3 [internal function]: yii\base\ErrorHandler->handleException(Object(yii\web\NotFoundHttpException))
#4 {main}
Previous exception:
exception 'yii\base\InvalidRouteException' with message 'Unable to resolve the request "user/".' in /home/i/imagec1s/imagecorp.ru/vendor/yiisoft/yii2/base/Module.php:460
Stack trace:
#0 /home/i/imagec1s/imagecorp.ru/vendor/yiisoft/yii2/web/Application.php(84): yii\base\Module->runAction('user/', Array)
#1 /home/i/imagec1s/imagecorp.ru/vendor/yiisoft/yii2/base/Application.php(375): yii\web\Application->handleRequest(Object(yii\web\Request))
#2 /home/i/imagec1s/imagecorp.ru/frontend/web/index.php(18): yii\base\Application->run()
#3 {main}

Next exception 'yii\web\NotFoundHttpException' with message 'Page not found.' in /home/i/imagec1s/imagecorp.ru/vendor/yiisoft/yii2/web/Application.php:96
Stack trace:
#0 /home/i/imagec1s/imagecorp.ru/vendor/yiisoft/yii2/base/Application.php(375): yii\web\Application->handleRequest(Object(yii\web\Request))
#1 /home/i/imagec1s/imagecorp.ru/frontend/web/index.php(18): yii\base\Application->run()
#2 {main}
$_SERVER = [
    'REDIRECT_UNIQUE_ID' => 'V2HmzVfsFAcAAC6MSPsAAAAQ',
    'REDIRECT_GEOIP_ADDR' => '176.8.88.40',
    'REDIRECT_GEOIP_CONTINENT_CODE' => 'EU',
    'REDIRECT_GEOIP_COUNTRY_CODE' => 'UA',
    'REDIRECT_GEOIP_COUNTRY_NAME' => 'Ukraine',
    'REDIRECT_GEOIP_REGION' => '15',
    'REDIRECT_GEOIP_REGION_NAME' => 'L\'vivs\'ka Oblast\'',
    'REDIRECT_GEOIP_CITY' => 'Lviv',
    'REDIRECT_GEOIP_DMA_CODE' => '0',
    'REDIRECT_GEOIP_METRO_CODE' => '0',
    'REDIRECT_GEOIP_AREA_CODE' => '0',
    'REDIRECT_GEOIP_LATITUDE' => '49.840698',
    'REDIRECT_GEOIP_LONGITUDE' => '24.030500',
    'REDIRECT_STATUS' => '200',
    'UNIQUE_ID' => 'V2HmzVfsFAcAAC6MSPsAAAAQ',
    'GEOIP_ADDR' => '176.8.88.40',
    'GEOIP_CONTINENT_CODE' => 'EU',
    'GEOIP_COUNTRY_CODE' => 'UA',
    'GEOIP_COUNTRY_NAME' => 'Ukraine',
    'GEOIP_REGION' => '15',
    'GEOIP_REGION_NAME' => 'L\'vivs\'ka Oblast\'',
    'GEOIP_CITY' => 'Lviv',
    'GEOIP_DMA_CODE' => '0',
    'GEOIP_METRO_CODE' => '0',
    'GEOIP_AREA_CODE' => '0',
    'GEOIP_LATITUDE' => '49.840698',
    'GEOIP_LONGITUDE' => '24.030500',
    'HTTP_HOST' => 'imagecorp.ru',
    'HTTP_X_SERVER_ADDR' => '87.236.21.227',
    'HTTP_X_FORWARDED_PROTO' => 'http',
    'HTTP_X_REAL_IP' => '176.8.88.40',
    'HTTP_ACCEPT' => '*/*',
    'HTTP_REFERER' => 'http://IMAGECORP.RU/user/',
    'HTTP_USER_AGENT' => 'Mozilla/4.0 (compatible; MSIE 6.0; Windows 98; Win 9x 4.90)',
    'PATH' => '/usr/local/bin:/usr/bin:/bin',
    'LD_LIBRARY_PATH' => '/opt/apache/2.4.10/lib',
    'SERVER_SIGNATURE' => '<address>Apache/2.4.10 (Unix) Server at imagecorp.ru Port 80</address>
',
    'SERVER_SOFTWARE' => 'Apache/2.4.10 (Unix)',
    'SERVER_NAME' => 'imagecorp.ru',
    'SERVER_ADDR' => '87.236.21.227',
    'SERVER_PORT' => '80',
    'REQUEST_SCHEME' => 'http',
    'REMOTE_ADDR' => '176.8.88.40',
    'DOCUMENT_ROOT' => '/home/i/imagec1s/imagecorp.ru/public_html',
    'CONTEXT_PREFIX' => '',
    'CONTEXT_DOCUMENT_ROOT' => '/home/i/imagec1s/imagecorp.ru/public_html',
    'SERVER_ADMIN' => 'webmaster@imagecorp.ru',
    'SCRIPT_FILENAME' => '/home/i/imagec1s/imagecorp.ru/public_html/index.php',
    'REMOTE_PORT' => '60141',
    'REDIRECT_URL' => '/user/',
    'GATEWAY_INTERFACE' => 'CGI/1.1',
    'SERVER_PROTOCOL' => 'HTTP/1.1',
    'REQUEST_METHOD' => 'GET',
    'QUERY_STRING' => '',
    'REQUEST_URI' => '/user/',
    'SCRIPT_NAME' => '/index.php',
    'PHP_SELF' => '/index.php',
    'REQUEST_TIME_FLOAT' => 1466033869.00500011444091796875,
    'REQUEST_TIME' => 1466033869,
    'argv' => [],
    'argc' => 0,
]
